{
  "stats": {
    "suites": 1,
    "tests": 3,
    "passes": 3,
    "pending": 0,
    "failures": 0,
    "start": "2022-12-23T05:09:31.173Z",
    "end": "2022-12-23T05:11:02.830Z",
    "duration": 91657,
    "testsRegistered": 3,
    "passPercent": 100,
    "pendingPercent": 0,
    "other": 0,
    "hasOther": false,
    "skipped": 0,
    "hasSkipped": false
  },
  "results": [
    {
      "uuid": "69091064-5920-493e-a75b-a8046abc54f9",
      "title": "",
      "fullFile": "cypress\\e2e\\1-getting-started\\NopeApi.cy.js",
      "file": "cypress\\e2e\\1-getting-started\\NopeApi.cy.js",
      "beforeHooks": [],
      "afterHooks": [],
      "tests": [],
      "suites": [
        {
          "uuid": "efb38076-b7ba-4c34-858e-5e129265ea00",
          "title": "DEMO ECOMMERECE WEB API",
          "fullFile": "",
          "file": "",
          "beforeHooks": [],
          "afterHooks": [],
          "tests": [
            {
              "title": "Search  Case ",
              "fullTitle": "DEMO ECOMMERECE WEB API Search  Case ",
              "timedOut": null,
              "duration": 54784,
              "state": "passed",
              "speed": "slow",
              "pass": true,
              "fail": false,
              "pending": false,
              "context": null,
              "code": "cy.visit(\"https://demo.nopcommerce.com/\"); // Open URL \ncy.get(\"#small-searchterms\").type(\"Apple MacBook Pro 13-inch\"); // search items\ncy.get(\".button-1.search-box-button\").click(); // Click Search Buttons \ncy.get(\".button-2.product-box-add-to-cart-button\").click();\ncy.get(\"#add-to-cart-button-4\").click();\ncy.wait(5000);\ncy.get(\"#topcartlink > a > span.cart-label\").click(); // go to cart page\ncy.wait(3000); // validate point\ncy.get(\".remove-btn\").click(); // Remoe from Cart\ncy.go('back');\ncy.go('back');\ncy.wait(2000);\ncy.get(\"#small-searchterms\").type(\"HTC One M8 Android L 5.0 Lollipop\"); // search items\ncy.get(\".button-1.search-box-button\").click(); // Click Search Buttons \ncy.wait(2000);\ncy.get(\".button-2.add-to-wishlist-button\").click();\ncy.get(\".ico-wishlist > span.wishlist-label\").click();\ncy.get(\".button-2.wishlist-add-to-cart-button\").click();\ncy.wait(3000);\ncy.get('[type=\"checkbox\"]').check({\n  force: true\n});\ncy.get(\".button-2.wishlist-add-to-cart-button\").click();\ncy.wait(2000);\ncy.get('#termsofservice[type=\"checkbox\"]').check({\n  force: true\n});\ncy.get(\".button-1.checkout-button\").click();\ncy.wait(5000);",
              "err": {},
              "uuid": "9ac24892-7e6d-4d27-aad1-fd5b6bdcb1df",
              "parentUUID": "efb38076-b7ba-4c34-858e-5e129265ea00",
              "isHook": false,
              "skipped": false
            },
            {
              "title": "Book Type ",
              "fullTitle": "DEMO ECOMMERECE WEB API Book Type ",
              "timedOut": null,
              "duration": 13809,
              "state": "passed",
              "speed": "slow",
              "pass": true,
              "fail": false,
              "pending": false,
              "context": null,
              "code": "cy.visit(\"https://demo.nopcommerce.com/books\");\ncy.get(\".button-2.product-box-add-to-cart-button\").eq(1).click();\ncy.get(\"#topcartlink > a > span.cart-label\").click();\ncy.wait(2000);\ncy.get('#termsofservice[type=\"checkbox\"]').check({\n  force: true\n});\ncy.get(\".button-1.checkout-button\").click();\ncy.wait(5000);",
              "err": {},
              "uuid": "f32fbe90-2ea2-4dc9-814d-710f68a0df0f",
              "parentUUID": "efb38076-b7ba-4c34-858e-5e129265ea00",
              "isHook": false,
              "skipped": false
            },
            {
              "title": "Newsletter Subscribe",
              "fullTitle": "DEMO ECOMMERECE WEB API Newsletter Subscribe",
              "timedOut": null,
              "duration": 1745,
              "state": "passed",
              "speed": "fast",
              "pass": true,
              "fail": false,
              "pending": false,
              "context": null,
              "code": "cy.visit(\"https://demo.nopcommerce.com/\");\ncy.get(\"#newsletter-email\").type(\"realvk4n@gmail.com\");\ncy.get(\"#newsletter-subscribe-button\").click();",
              "err": {},
              "uuid": "a784b439-d169-41df-b230-1039cecff71e",
              "parentUUID": "efb38076-b7ba-4c34-858e-5e129265ea00",
              "isHook": false,
              "skipped": false
            }
          ],
          "suites": [],
          "passes": [
            "9ac24892-7e6d-4d27-aad1-fd5b6bdcb1df",
            "f32fbe90-2ea2-4dc9-814d-710f68a0df0f",
            "a784b439-d169-41df-b230-1039cecff71e"
          ],
          "failures": [],
          "pending": [],
          "skipped": [],
          "duration": 70338,
          "root": false,
          "rootEmpty": false,
          "_timeout": 2000
        }
      ],
      "passes": [],
      "failures": [],
      "pending": [],
      "skipped": [],
      "duration": 0,
      "root": true,
      "rootEmpty": true,
      "_timeout": 2000
    }
  ],
  "meta": {
    "mocha": {
      "version": "7.0.1"
    },
    "mochawesome": {
      "options": {
        "quiet": false,
        "reportFilename": "mochawesome",
        "saveHtml": false,
        "saveJson": true,
        "consoleReporter": "spec",
        "useInlineDiffs": false,
        "code": true
      },
      "version": "7.1.3"
    },
    "marge": {
      "options": {
        "reportDir": "cypress/results",
        "overwrite": false,
        "html": false,
        "json": true
      },
      "version": "6.2.0"
    }
  }
}